This is pdfTeX, Version 3.14159265-2.6-1.40.16 (TeX Live 2015) (preloaded format=pdflatex 2015.5.24)  2 DEC 2016 20:22
entering extended mode
 restricted \write18 enabled.
 file:line:error style messages enabled.
 %&-line parsing enabled.
**distributedLDAonHarp.tex
(./distributedLDAonHarp.tex
LaTeX2e <2015/01/01>
Babel <3.9l> and hyphenation patterns for 79 languages loaded.
(./sig-alternate-05-2015.cls
(/usr/local/texlive/2015/texmf-dist/tex/latex/graphics/epsfig.sty
Package: epsfig 1999/02/16 v1.7a (e)psfig emulation (SPQR)

(/usr/local/texlive/2015/texmf-dist/tex/latex/graphics/graphicx.sty
Package: graphicx 2014/10/28 v1.0g Enhanced LaTeX Graphics (DPC,SPQR)

(/usr/local/texlive/2015/texmf-dist/tex/latex/graphics/keyval.sty
Package: keyval 2014/10/28 v1.15 key=value parser (DPC)
\KV@toks@=\toks14
)
(/usr/local/texlive/2015/texmf-dist/tex/latex/graphics/graphics.sty
Package: graphics 2014/10/28 v1.0p Standard LaTeX Graphics (DPC,SPQR)

(/usr/local/texlive/2015/texmf-dist/tex/latex/graphics/trig.sty
Package: trig 1999/03/16 v1.09 sin cos tan (DPC)
)
(/usr/local/texlive/2015/texmf-dist/tex/latex/latexconfig/graphics.cfg
File: graphics.cfg 2010/04/23 v1.9 graphics configuration of TeX Live
)
Package graphics Info: Driver file: pdftex.def on input line 94.

(/usr/local/texlive/2015/texmf-dist/tex/latex/pdftex-def/pdftex.def
File: pdftex.def 2011/05/27 v0.06d Graphics/color for pdfTeX

(/usr/local/texlive/2015/texmf-dist/tex/generic/oberdiek/infwarerr.sty
Package: infwarerr 2010/04/08 v1.3 Providing info/warning/error messages (HO)
)
(/usr/local/texlive/2015/texmf-dist/tex/generic/oberdiek/ltxcmds.sty
Package: ltxcmds 2011/11/09 v1.22 LaTeX kernel commands for general use (HO)
)
\Gread@gobject=\count79
))
\Gin@req@height=\dimen102
\Gin@req@width=\dimen103
)
\epsfxsize=\dimen104
\epsfysize=\dimen105
)
(/usr/local/texlive/2015/texmf-dist/tex/latex/amsfonts/amssymb.sty
Package: amssymb 2013/01/14 v3.01 AMS font symbols

(/usr/local/texlive/2015/texmf-dist/tex/latex/amsfonts/amsfonts.sty
Package: amsfonts 2013/01/14 v3.01 Basic AMSFonts support
\@emptytoks=\toks15
\symAMSa=\mathgroup4
\symAMSb=\mathgroup5
LaTeX Font Info:    Overwriting math alphabet `\mathfrak' in version `bold'
(Font)                  U/euf/m/n --> U/euf/b/n on input line 106.
))
(/usr/local/texlive/2015/texmf-dist/tex/latex/amsmath/amsmath.sty
Package: amsmath 2013/01/14 v2.14 AMS math features
\@mathmargin=\skip41

For additional information on amsmath, use the `?' option.
(/usr/local/texlive/2015/texmf-dist/tex/latex/amsmath/amstext.sty
Package: amstext 2000/06/29 v2.01

(/usr/local/texlive/2015/texmf-dist/tex/latex/amsmath/amsgen.sty
File: amsgen.sty 1999/11/30 v2.0
\@emptytoks=\toks16
\ex@=\dimen106
))
(/usr/local/texlive/2015/texmf-dist/tex/latex/amsmath/amsbsy.sty
Package: amsbsy 1999/11/29 v1.2d
\pmbraise@=\dimen107
)
(/usr/local/texlive/2015/texmf-dist/tex/latex/amsmath/amsopn.sty
Package: amsopn 1999/12/14 v2.01 operator names
)
\inf@bad=\count80
LaTeX Info: Redefining \frac on input line 210.
\uproot@=\count81
\leftroot@=\count82
LaTeX Info: Redefining \overline on input line 306.
\classnum@=\count83
\DOTSCASE@=\count84
LaTeX Info: Redefining \ldots on input line 378.
LaTeX Info: Redefining \dots on input line 381.
LaTeX Info: Redefining \cdots on input line 466.
\Mathstrutbox@=\box26
\strutbox@=\box27
\big@size=\dimen108
LaTeX Font Info:    Redeclaring font encoding OML on input line 566.
LaTeX Font Info:    Redeclaring font encoding OMS on input line 567.
\macc@depth=\count85
\c@MaxMatrixCols=\count86
\dotsspace@=\muskip10
\c@parentequation=\count87
\dspbrk@lvl=\count88
\tag@help=\toks17
\row@=\count89
\column@=\count90
\maxfields@=\count91
\andhelp@=\toks18
\eqnshift@=\dimen109
\alignsep@=\dimen110
\tagshift@=\dimen111
\tagwidth@=\dimen112
\totwidth@=\dimen113
\lineht@=\dimen114
\@envbody=\toks19
\multlinegap=\skip42
\multlinetaggap=\skip43
\mathdisplay@stack=\toks20
LaTeX Info: Redefining \[ on input line 2665.
LaTeX Info: Redefining \] on input line 2666.
)
Document Class 'sig-alternate' <9th June '13>. Modified by G.K.M. Tobin/Gerry M
urray/Boris Veytsman
Based in part upon document Style `acmconf' <22 May 89>. Hacked 4/91 by
shivers@cs.cmu.edu, 4/93 by theobald@cs.mcgill.ca
Excerpts were taken from (Journal Style) 'esub2acm.cls'.
****** Bugs/comments/suggestions/technicalities to Gerry Murray -- murray@hq.ac
m.org ******
Questions on the style, SIGS policies, etc. to Adrienne Griscti griscti@acm.org

\ACM@basesize=\count92
(/usr/local/texlive/2015/texmf-dist/tex/latex/comment/comment.sty
\CommentStream=\write3

Excluding comment 'comment') Excluding comment 'CCSXML'
\footheight=\dimen115
\@maxsep=\dimen116
\@dblmaxsep=\dimen117

(/usr/local/texlive/2015/texmf-dist/tex/generic/oberdiek/ifpdf.sty
Package: ifpdf 2011/01/30 v2.3 Provides the ifpdf switch (HO)
Package ifpdf Info: pdfTeX in PDF mode is detected.
)
\aucount=\count93
\originalaucount=\count94
\auwidth=\dimen118
\auskip=\dimen119
\auskipcount=\count95
\auskip=\dimen120
\allauboxes=\dimen121
\addauthors=\toks21
\addauflag=\count96
\subtitletext=\toks22
\savesection=\count97
\sectioncntr=\count98
\c@figure=\count99
\c@table=\count100
\titleboxnotes=\toks23
\titleboxnoteflag=\count101


LaTeX Warning: You have requested document class `sig-alternate-05-2015',
               but the document class provides `sig-alternate'.

Document Class: sig-alternate 2013/05/12 v2.7 based on acmproc.cls V1.3 <Nov. 3
0 '99>
(/usr/local/texlive/2015/texmf-dist/tex/latex/base/latexsym.sty
Package: latexsym 1998/08/17 v2.2e Standard LaTeX package (lasy symbols)
\symlasy=\mathgroup6
LaTeX Font Info:    Overwriting symbol font `lasy' in version `bold'
(Font)                  U/lasy/m/n --> U/lasy/b/n on input line 52.
)
\@acmtitlebox=\box28
\titlenotecount=\count102
\tntoks=\toks24
\tntokstwo=\toks25
\tntoksthree=\toks26
\tntoksfour=\toks27
\tntoksfive=\toks28
\catcount=\count103
\copyrightnotice=\toks29
\conf=\toks30
\confinfo=\toks31
\c@part=\count104
\c@section=\count105
\c@subsection=\count106
\c@subsubsection=\count107
\c@paragraph=\count108

Using 'Abbrev' bibliography style
LaTeX Info: Redefining \cite on input line 1408.
\bibindent=\dimen122
\colcntr=\count109
\saveb@x=\box29
\copyrtyr=\toks32
\acmcopyr=\toks33
\boilerplate=\toks34
(/usr/local/texlive/2015/texmf-dist/tex/latex/url/url.sty
\Urlmuskip=\muskip11
Package: url 2013/09/16  ver 3.4  Verb mode for urls, etc.
) (./acmcopyright.sty
Package: acmcopyright 2014/06/29 v1.2 Copyright statemens for ACM classes

(/usr/local/texlive/2015/texmf-dist/tex/latex/xkeyval/xkeyval.sty
Package: xkeyval 2014/12/03 v2.7a package option processing (HA)

(/usr/local/texlive/2015/texmf-dist/tex/generic/xkeyval/xkeyval.tex
(/usr/local/texlive/2015/texmf-dist/tex/generic/xkeyval/xkvutils.tex
\XKV@toks=\toks35
\XKV@tempa@toks=\toks36
)
\XKV@depth=\count110
File: xkeyval.tex 2014/12/03 v2.7a key=value parser (HA)
)))
\copyrightetc=\toks37

(/usr/local/texlive/2015/texmf-dist/tex/latex/base/fontenc.sty
Package: fontenc 2005/09/27 v1.99g Standard LaTeX package

(/usr/local/texlive/2015/texmf-dist/tex/latex/base/t1enc.def
File: t1enc.def 2005/09/27 v1.99g Standard LaTeX file
LaTeX Font Info:    Redeclaring font encoding T1 on input line 48.
)
LaTeX Font Info:    Try loading font information for T1+aer on input line 105.

(/usr/local/texlive/2015/texmf-dist/tex/latex/ae/t1aer.fd
File: t1aer.fd 1997/11/16 Font definitions for T1/aer.
)))
(/usr/local/texlive/2015/texmf-dist/tex/latex/algorithmicx/algpseudocode.sty
Package: algpseudocode 

(/usr/local/texlive/2015/texmf-dist/tex/latex/base/ifthen.sty
Package: ifthen 2014/09/29 v1.1c Standard LaTeX ifthen package (DPC)
)
(/usr/local/texlive/2015/texmf-dist/tex/latex/algorithmicx/algorithmicx.sty
Package: algorithmicx 2005/04/27 v1.2 Algorithmicx

Document Style algorithmicx 1.2 - a greatly improved `algorithmic' style
\c@ALG@line=\count111
\c@ALG@rem=\count112
\c@ALG@nested=\count113
\ALG@tlm=\skip44
\ALG@thistlm=\skip45
\c@ALG@Lnr=\count114
\c@ALG@blocknr=\count115
\c@ALG@storecount=\count116
\c@ALG@tmpcounter=\count117
\ALG@tmplength=\skip46
)
Document Style - pseudocode environments for use with the `algorithmicx' style
) (/usr/local/texlive/2015/texmf-dist/tex/latex/float/float.sty
Package: float 2001/11/08 v1.3d Float enhancements (AL)
\c@float@type=\count118
\float@exts=\toks38
\float@box=\box30
\@float@everytoks=\toks39
\@floatcapt=\box31
)
(/usr/local/texlive/2015/texmf-dist/tex/latex/subfigure/subfigure.sty
Package: subfigure 2002/03/15 v2.1.5 subfigure package
\subfigtopskip=\skip47
\subfigcapskip=\skip48
\subfigcaptopadj=\dimen123
\subfigbottomskip=\skip49
\subfigcapmargin=\dimen124
\subfiglabelskip=\skip50
\c@subfigure=\count119
\c@lofdepth=\count120
\c@subtable=\count121
\c@lotdepth=\count122

****************************************
* Local config file subfigure.cfg used *
****************************************
(/usr/local/texlive/2015/texmf-dist/tex/latex/subfigure/subfigure.cfg)
\subfig@top=\skip51
\subfig@bottom=\skip52
)
(./distributedLDAonHarp.aux)
\openout1 = `distributedLDAonHarp.aux'.

LaTeX Font Info:    Checking defaults for OML/cmm/m/it on input line 54.
LaTeX Font Info:    ... okay on input line 54.
LaTeX Font Info:    Checking defaults for T1/cmr/m/n on input line 54.
LaTeX Font Info:    ... okay on input line 54.
LaTeX Font Info:    Checking defaults for OT1/cmr/m/n on input line 54.
LaTeX Font Info:    ... okay on input line 54.
LaTeX Font Info:    Checking defaults for OMS/cmsy/m/n on input line 54.
LaTeX Font Info:    ... okay on input line 54.
LaTeX Font Info:    Checking defaults for OMX/cmex/m/n on input line 54.
LaTeX Font Info:    ... okay on input line 54.
LaTeX Font Info:    Checking defaults for U/cmr/m/n on input line 54.
LaTeX Font Info:    ... okay on input line 54.

(/usr/local/texlive/2015/texmf-dist/tex/context/base/supp-pdf.mkii
[Loading MPS to PDF converter (version 2006.09.02).]
\scratchcounter=\count123
\scratchdimen=\dimen125
\scratchbox=\box32
\nofMPsegments=\count124
\nofMParguments=\count125
\everyMPshowfont=\toks40
\MPscratchCnt=\count126
\MPscratchDim=\dimen126
\MPnumerator=\count127
\makeMPintoPDFobject=\count128
\everyMPtoPDFconversion=\toks41
) (/usr/local/texlive/2015/texmf-dist/tex/generic/oberdiek/pdftexcmds.sty
Package: pdftexcmds 2011/11/29 v0.20 Utility functions of pdfTeX for LuaTeX (HO
)

(/usr/local/texlive/2015/texmf-dist/tex/generic/oberdiek/ifluatex.sty
Package: ifluatex 2010/03/01 v1.3 Provides the ifluatex switch (HO)
Package ifluatex Info: LuaTeX not detected.
)
Package pdftexcmds Info: LuaTeX not detected.
Package pdftexcmds Info: \pdf@primitive is available.
Package pdftexcmds Info: \pdf@ifprimitive is available.
Package pdftexcmds Info: \pdfdraftmode found.
)
(/usr/local/texlive/2015/texmf-dist/tex/latex/oberdiek/epstopdf-base.sty
Package: epstopdf-base 2010/02/09 v2.5 Base part for package epstopdf

(/usr/local/texlive/2015/texmf-dist/tex/latex/oberdiek/grfext.sty
Package: grfext 2010/08/19 v1.1 Manage graphics extensions (HO)

(/usr/local/texlive/2015/texmf-dist/tex/generic/oberdiek/kvdefinekeys.sty
Package: kvdefinekeys 2011/04/07 v1.3 Define keys (HO)
))
(/usr/local/texlive/2015/texmf-dist/tex/latex/oberdiek/kvoptions.sty
Package: kvoptions 2011/06/30 v3.11 Key value format for package options (HO)

(/usr/local/texlive/2015/texmf-dist/tex/generic/oberdiek/kvsetkeys.sty
Package: kvsetkeys 2012/04/25 v1.16 Key value parser (HO)

(/usr/local/texlive/2015/texmf-dist/tex/generic/oberdiek/etexcmds.sty
Package: etexcmds 2011/02/16 v1.5 Avoid name clashes with e-TeX commands (HO)
Package etexcmds Info: Could not find \expanded.
(etexcmds)             That can mean that you are not using pdfTeX 1.50 or
(etexcmds)             that some package has redefined \expanded.
(etexcmds)             In the latter case, load this package earlier.
)))
Package grfext Info: Graphics extension search list:
(grfext)             [.png,.pdf,.jpg,.mps,.jpeg,.jbig2,.jb2,.PNG,.PDF,.JPG,.JPE
G,.JBIG2,.JB2,.eps]
(grfext)             \AppendGraphicsExtensions on input line 452.

(/usr/local/texlive/2015/texmf-dist/tex/latex/latexconfig/epstopdf-sys.cfg
File: epstopdf-sys.cfg 2010/07/13 v1.3 Configuration of (r)epstopdf for TeX Liv
e
))
LaTeX Font Info:    Try loading font information for U+msa on input line 151.

(/usr/local/texlive/2015/texmf-dist/tex/latex/amsfonts/umsa.fd
File: umsa.fd 2013/01/14 v3.01 AMS symbols A
)
LaTeX Font Info:    Try loading font information for U+msb on input line 151.

(/usr/local/texlive/2015/texmf-dist/tex/latex/amsfonts/umsb.fd
File: umsb.fd 2013/01/14 v3.01 AMS symbols B
)
LaTeX Font Info:    Try loading font information for U+lasy on input line 151.

(/usr/local/texlive/2015/texmf-dist/tex/latex/base/ulasy.fd
File: ulasy.fd 1998/08/17 v2.2e LaTeX symbol font definitions
)
LaTeX Font Info:    Try loading font information for T1+ptm on input line 151.

(/usr/local/texlive/2015/texmf-dist/tex/latex/psnfss/t1ptm.fd
File: t1ptm.fd 2001/06/04 font definitions for T1/ptm.
)
LaTeX Font Info:    Try loading font information for OMS+aer on input line 201.


(/usr/local/texlive/2015/texmf-dist/tex/latex/ae/omsaer.fd
File: omsaer.fd 1999/12/27
)
LaTeX Font Info:    Font shape `OMS/aer/m/n' in size <9> not available
(Font)              Font shape `OMS/cmsy/m/n' tried instead on input line 201.

Overfull \hbox (2.58931pt too wide) in paragraph at lines 211--212
\T1/aer/m/n/9 even-tu-ally af-fect-ing the scal-a-bil-ity. Our pro-posed LDA mo
del
 []

[1{/usr/local/texlive/2015/texmf-var/fonts/map/pdftex/updmap/pdftex.map}


]
<reportCharts/algorithm_transparent.png, id=14, 658.46pt x 702.625pt>
File: reportCharts/algorithm_transparent.png Graphic file (type png)

<use reportCharts/algorithm_transparent.png>
Package pdftex.def Info: reportCharts/algorithm_transparent.png used on input l
ine 218.
(pdftex.def)             Requested size: 226.79846pt x 242.0092pt.

Overfull \hbox (1.86037pt too wide) in paragraph at lines 223--224
[]\T1/aer/m/n/9 We pro-pose a dis-tributed LDA al-go-rithm us-ing Harp. First
 []

LaTeX Font Info:    Try loading font information for T1+aett on input line 228.

(/usr/local/texlive/2015/texmf-dist/tex/latex/ae/t1aett.fd
File: t1aett.fd 1997/11/16 Font definitions for T1/aett.
)
LaTeX Font Info:    Try loading font information for T1+aess on input line 229.


(/usr/local/texlive/2015/texmf-dist/tex/latex/ae/t1aess.fd
File: t1aess.fd 1997/11/16 Font definitions for T1/aess.
)
Overfull \hbox (4.51968pt too wide) in paragraph at lines 229--230
[]\T1/aer/bx/n/8 IN-PUT \T1/aer/m/n/8 ($\OML/cmm/m/it/8 inputDir$\T1/aer/m/n/8 
, $\OML/cmm/m/it/8 metafile$\T1/aer/m/n/8 , $\OML/cmm/m/it/8 outputDir$\T1/aer/
m/n/8 , \T1/aess/m/n/8 <\T1/aer/m/n/8 number of terms>
 []


Overfull \hbox (17.60614pt too wide) in paragraph at lines 229--230
\OML/cmm/m/it/8 numOfTerms$\T1/aer/m/n/8 , $\OML/cmm/m/it/8 numOfTopics$\T1/aer
/m/n/8 , $\OML/cmm/m/it/8 numOfDocs$\T1/aer/m/n/8 , $\OML/cmm/m/it/8 numOfMapTa
sks$\T1/aer/m/n/8 ,
 []


Overfull \hbox (5.82231pt too wide) in paragraph at lines 259--260
[]\T1/aett/m/n/8 *** \T1/aer/bx/n/8 (Ta-ble) $\OML/cmm/m/it/8 gammaTable$ \T1/a
er/m/n/8 is a \T1/aer/bx/n/8 nu-mOf-Docs $\OMS/cmsy/m/n/8 ^^B$ \T1/aer/bx/n/8 n
u-mOfTopics
 []


Overfull \hbox (19.3203pt too wide) in paragraph at lines 261--262
[]\T1/aett/m/n/8 *** \T1/aer/bx/n/8 (Ta-ble) $\OML/cmm/m/it/8 globalPhiTable$ \
T1/aer/m/n/8 is a \T1/aer/bx/n/8 nu-mOfTerms $\OMS/cmsy/m/n/8 ^^B$ \T1/aer/bx/n
/8 nu-mOfTopics
 []


Overfull \hbox (15.03366pt too wide) in paragraph at lines 262--263
[]\T1/aett/m/n/8 *** \T1/aer/bx/n/8 (Ta-ble) $\OML/cmm/m/it/8 localPhiTable$ \T
1/aer/m/n/8 is a \T1/aer/bx/n/8 nu-mOfTerms $\OMS/cmsy/m/n/8 ^^B$ \T1/aer/bx/n/
8 nu-mOfTopics
 []


Overfull \hbox (7.4956pt too wide) in paragraph at lines 313--314
\T1/aer/m/n/9 pro-cess-ing in-volved fil-ter-ing com-mon En-glish stop words,
 []


Overfull \hbox (12.62582pt too wide) in paragraph at lines 313--314
\T1/aer/m/n/9 stem-ming words to ori-gin and re-mov-ing non-alphanumeric
 []

[2 <./reportCharts/algorithm_transparent.png>]
<reportCharts/workflow_transparent.png, id=28, 1003.75pt x 997.7275pt>
File: reportCharts/workflow_transparent.png Graphic file (type png)

<use reportCharts/workflow_transparent.png>
Package pdftex.def Info: reportCharts/workflow_transparent.png used on input li
ne 379.
(pdftex.def)             Requested size: 226.79846pt x 225.43811pt.

<reportCharts/data1-iterations.png, id=29, 471.26062pt x 257.46187pt>
File: reportCharts/data1-iterations.png Graphic file (type png)

<use reportCharts/data1-iterations.png>
Package pdftex.def Info: reportCharts/data1-iterations.png used on input line 3
87.
(pdftex.def)             Requested size: 144.54pt x 78.96378pt.

<reportCharts/data2-iterations.png, id=30, 471.26062pt x 257.46187pt>
File: reportCharts/data2-iterations.png Graphic file (type png)

<use reportCharts/data2-iterations.png>
Package pdftex.def Info: reportCharts/data2-iterations.png used on input line 3
90.
(pdftex.def)             Requested size: 144.54pt x 78.96378pt.

<reportCharts/data3-iterations.png, id=31, 450.18187pt x 255.95625pt>
File: reportCharts/data3-iterations.png Graphic file (type png)

<use reportCharts/data3-iterations.png>
Package pdftex.def Info: reportCharts/data3-iterations.png used on input line 3
93.
(pdftex.def)             Requested size: 144.54pt x 82.18105pt.

<reportCharts/data1-time.png, id=32, 471.26062pt x 257.46187pt>
File: reportCharts/data1-time.png Graphic file (type png)

<use reportCharts/data1-time.png>
Package pdftex.def Info: reportCharts/data1-time.png used on input line 396.
(pdftex.def)             Requested size: 144.54pt x 78.96378pt.

<reportCharts/data2-time.png, id=33, 471.26062pt x 257.46187pt>
File: reportCharts/data2-time.png Graphic file (type png)

<use reportCharts/data2-time.png>
Package pdftex.def Info: reportCharts/data2-time.png used on input line 399.
(pdftex.def)             Requested size: 144.54pt x 78.96378pt.

<reportCharts/data3-time.png, id=34, 450.18187pt x 255.95625pt>
File: reportCharts/data3-time.png Graphic file (type png)

<use reportCharts/data3-time.png>
Package pdftex.def Info: reportCharts/data3-time.png used on input line 402.
(pdftex.def)             Requested size: 144.54pt x 82.18105pt.
 [3 <./reportCharts/workflow_transparent.png>] <reportCharts/speedup.png, id=39
, 471.26062pt x 300.3722pt>
File: reportCharts/speedup.png Graphic file (type png)

<use reportCharts/speedup.png>
Package pdftex.def Info: reportCharts/speedup.png used on input line 445.
(pdftex.def)             Requested size: 226.79846pt x 144.55742pt.

<reportCharts/numberofThreads-data1.png, id=40, 544.28343pt x 305.64188pt>
File: reportCharts/numberofThreads-data1.png Graphic file (type png)

<use reportCharts/numberofThreads-data1.png>
Package pdftex.def Info: reportCharts/numberofThreads-data1.png used on input l
ine 455.
(pdftex.def)             Requested size: 144.54pt x 81.1626pt.

<reportCharts/numberofThreads-data2.png, id=41, 544.28343pt x 305.64188pt>
File: reportCharts/numberofThreads-data2.png Graphic file (type png)

<use reportCharts/numberofThreads-data2.png>
Package pdftex.def Info: reportCharts/numberofThreads-data2.png used on input l
ine 458.
(pdftex.def)             Requested size: 144.54pt x 81.1626pt.

<reportCharts/numberofThreads-data3.png, id=42, 544.28343pt x 305.64188pt>
File: reportCharts/numberofThreads-data3.png Graphic file (type png)

<use reportCharts/numberofThreads-data3.png>
Package pdftex.def Info: reportCharts/numberofThreads-data3.png used on input l
ine 461.
(pdftex.def)             Requested size: 144.54pt x 81.1626pt.
 [4 <./reportCharts/data1-iterations.png> <./reportCharts/data2-iterations.png>
 <./reportCharts/data3-iterations.png> <./reportCharts/data1-time.png> <./repor
tCharts/data2-time.png> <./reportCharts/data3-time.png> <./reportCharts/speedup
.png>] (./distributedLDAonHarp.bbl) [5

 <./reportCharts/numberofThreads-data1.png> <./reportCharts/numberofThreads-dat
a2.png> <./reportCharts/numberofThreads-data3.png>]
(./distributedLDAonHarp.aux) ) 
Here is how much of TeX's memory you used:
 4088 strings out of 493089
 55629 string characters out of 6134842
 132971 words of memory out of 5000000
 7423 multiletter control sequences out of 15000+600000
 59133 words of font info for 86 fonts, out of 8000000 for 9000
 1141 hyphenation exceptions out of 8191
 41i,10n,36p,1505b,465s stack positions out of 5000i,500n,10000p,200000b,80000s
{/usr/local/texlive/2015/texmf-dist/fonts/enc/dvi
ps/base/8r.enc}</usr/local/texlive/2015/texmf-dist/fonts/type1/public/amsfonts/
cm/cmbx8.pfb></usr/local/texlive/2015/texmf-dist/fonts/type1/public/amsfonts/cm
/cmbx9.pfb></usr/local/texlive/2015/texmf-dist/fonts/type1/public/amsfonts/cm/c
mmi6.pfb></usr/local/texlive/2015/texmf-dist/fonts/type1/public/amsfonts/cm/cmm
i8.pfb></usr/local/texlive/2015/texmf-dist/fonts/type1/public/amsfonts/cm/cmmi9
.pfb></usr/local/texlive/2015/texmf-dist/fonts/type1/public/amsfonts/cm/cmr8.pf
b></usr/local/texlive/2015/texmf-dist/fonts/type1/public/amsfonts/cm/cmr9.pfb><
/usr/local/texlive/2015/texmf-dist/fonts/type1/public/amsfonts/cm/cmsy6.pfb></u
sr/local/texlive/2015/texmf-dist/fonts/type1/public/amsfonts/cm/cmsy8.pfb></usr
/local/texlive/2015/texmf-dist/fonts/type1/public/amsfonts/cm/cmsy9.pfb></usr/l
ocal/texlive/2015/texmf-dist/fonts/type1/public/amsfonts/cm/cmti9.pfb></usr/loc
al/texlive/2015/texmf-dist/fonts/type1/public/amsfonts/cm/cmtt8.pfb></usr/local
/texlive/2015/texmf-dist/fonts/type1/urw/helvetic/uhvb8a.pfb></usr/local/texliv
e/2015/texmf-dist/fonts/type1/urw/helvetic/uhvr8a.pfb></usr/local/texlive/2015/
texmf-dist/fonts/type1/urw/times/utmb8a.pfb></usr/local/texlive/2015/texmf-dist
/fonts/type1/urw/times/utmr8a.pfb>
Output written on distributedLDAonHarp.pdf (5 pages, 555356 bytes).
PDF statistics:
 100 PDF objects out of 1000 (max. 8388607)
 62 compressed objects within 1 object stream
 0 named destinations out of 1000 (max. 500000)
 61 words of extra memory for PDF output out of 10000 (max. 10000000)

